{"D:\\Learning\\JS\\js-labs\\src\\00-cal-s.js": {"path":"D:\\Learning\\JS\\js-labs\\src\\00-cal-s.js","statementMap":{"0":{"start":{"line":2,"column":2},"end":{"line":2,"column":23}},"1":{"start":{"line":2,"column":14},"end":{"line":2,"column":23}},"2":{"start":{"line":4,"column":12},"end":{"line":4,"column":13}},"3":{"start":{"line":5,"column":2},"end":{"line":7,"column":3}},"4":{"start":{"line":5,"column":15},"end":{"line":5,"column":16}},"5":{"start":{"line":6,"column":4},"end":{"line":6,"column":13}},"6":{"start":{"line":8,"column":2},"end":{"line":8,"column":13}},"7":{"start":{"line":12,"column":2},"end":{"line":12,"column":23}},"8":{"start":{"line":12,"column":14},"end":{"line":12,"column":23}},"9":{"start":{"line":14,"column":2},"end":{"line":14,"column":27}},"10":{"start":{"line":18,"column":2},"end":{"line":18,"column":23}},"11":{"start":{"line":18,"column":14},"end":{"line":18,"column":23}},"12":{"start":{"line":20,"column":2},"end":{"line":20,"column":86}},"13":{"start":{"line":20,"column":45},"end":{"line":20,"column":50}},"14":{"start":{"line":20,"column":72},"end":{"line":20,"column":80}},"15":{"start":{"line":24,"column":2},"end":{"line":24,"column":23}},"16":{"start":{"line":24,"column":14},"end":{"line":24,"column":23}},"17":{"start":{"line":26,"column":12},"end":{"line":26,"column":13}},"18":{"start":{"line":27,"column":2},"end":{"line":27,"column":72}},"19":{"start":{"line":27,"column":38},"end":{"line":27,"column":43}},"20":{"start":{"line":27,"column":61},"end":{"line":27,"column":69}},"21":{"start":{"line":29,"column":2},"end":{"line":29,"column":13}}},"fnMap":{"0":{"name":"calculateS","decl":{"start":{"line":1,"column":16},"end":{"line":1,"column":26}},"loc":{"start":{"line":1,"column":30},"end":{"line":9,"column":1}},"line":1},"1":{"name":"calculateS2","decl":{"start":{"line":11,"column":16},"end":{"line":11,"column":27}},"loc":{"start":{"line":11,"column":31},"end":{"line":15,"column":1}},"line":11},"2":{"name":"calculateS3","decl":{"start":{"line":17,"column":16},"end":{"line":17,"column":27}},"loc":{"start":{"line":17,"column":31},"end":{"line":21,"column":1}},"line":17},"3":{"name":"(anonymous_3)","decl":{"start":{"line":20,"column":35},"end":{"line":20,"column":36}},"loc":{"start":{"line":20,"column":45},"end":{"line":20,"column":50}},"line":20},"4":{"name":"(anonymous_4)","decl":{"start":{"line":20,"column":59},"end":{"line":20,"column":60}},"loc":{"start":{"line":20,"column":72},"end":{"line":20,"column":80}},"line":20},"5":{"name":"calculateS4","decl":{"start":{"line":23,"column":16},"end":{"line":23,"column":27}},"loc":{"start":{"line":23,"column":31},"end":{"line":30,"column":1}},"line":23},"6":{"name":"(anonymous_6)","decl":{"start":{"line":27,"column":28},"end":{"line":27,"column":29}},"loc":{"start":{"line":27,"column":38},"end":{"line":27,"column":43}},"line":27},"7":{"name":"(anonymous_7)","decl":{"start":{"line":27,"column":53},"end":{"line":27,"column":54}},"loc":{"start":{"line":27,"column":61},"end":{"line":27,"column":69}},"line":27}},"branchMap":{"0":{"loc":{"start":{"line":2,"column":2},"end":{"line":2,"column":23}},"type":"if","locations":[{"start":{"line":2,"column":2},"end":{"line":2,"column":23}},{"start":{"line":2,"column":2},"end":{"line":2,"column":23}}],"line":2},"1":{"loc":{"start":{"line":12,"column":2},"end":{"line":12,"column":23}},"type":"if","locations":[{"start":{"line":12,"column":2},"end":{"line":12,"column":23}},{"start":{"line":12,"column":2},"end":{"line":12,"column":23}}],"line":12},"2":{"loc":{"start":{"line":18,"column":2},"end":{"line":18,"column":23}},"type":"if","locations":[{"start":{"line":18,"column":2},"end":{"line":18,"column":23}},{"start":{"line":18,"column":2},"end":{"line":18,"column":23}}],"line":18},"3":{"loc":{"start":{"line":24,"column":2},"end":{"line":24,"column":23}},"type":"if","locations":[{"start":{"line":24,"column":2},"end":{"line":24,"column":23}},{"start":{"line":24,"column":2},"end":{"line":24,"column":23}}],"line":24}},"s":{"0":6,"1":2,"2":4,"3":4,"4":4,"5":16,"6":4,"7":6,"8":2,"9":4,"10":6,"11":2,"12":4,"13":16,"14":16,"15":6,"16":2,"17":4,"18":4,"19":16,"20":16,"21":4},"f":{"0":6,"1":6,"2":6,"3":16,"4":16,"5":6,"6":16,"7":16},"b":{"0":[2,4],"1":[2,4],"2":[2,4],"3":[2,4]},"_coverageSchema":"1a1c01bbd47fc00a2c39e90264f33305004495a9","hash":"d647b8eb55ca6e24fe0c74607f377285f9e64bbd"}
}
