TN:
SF:src\00-cal-s.js
FN:1,calculateS
FN:11,calculateS2
FN:17,calculateS3
FN:20,(anonymous_3)
FN:20,(anonymous_4)
FN:23,calculateS4
FN:27,(anonymous_6)
FN:27,(anonymous_7)
FNF:8
FNH:8
FNDA:6,calculateS
FNDA:6,calculateS2
FNDA:6,calculateS3
FNDA:16,(anonymous_3)
FNDA:16,(anonymous_4)
FNDA:6,calculateS4
FNDA:16,(anonymous_6)
FNDA:16,(anonymous_7)
DA:2,6
DA:4,4
DA:5,4
DA:6,16
DA:8,4
DA:12,6
DA:14,4
DA:18,6
DA:20,16
DA:24,6
DA:26,4
DA:27,16
DA:29,4
LF:13
LH:13
BRDA:2,0,0,2
BRDA:2,0,1,4
BRDA:12,1,0,2
BRDA:12,1,1,4
BRDA:18,2,0,2
BRDA:18,2,1,4
BRDA:24,3,0,2
BRDA:24,3,1,4
BRF:8
BRH:8
end_of_record
